
=== Running baseline for re2-tt ===
Running adaptive_z on re2-tt...
Running lof on re2-tt...
Running iqr on re2-tt...
Running tukey on re2-tt...
Running dbscan on re2-tt...
Running bayesian on re2-tt...
Running clipping on re2-tt...
Running winsorization on re2-tt...

=== Running baseline for re2-ob ===
Running adaptive_z on re2-ob...
Running lof on re2-ob...
Running iqr on re2-ob...
Running tukey on re2-ob...
Running dbscan on re2-ob...
Running bayesian on re2-ob...
Running clipping on re2-ob...
Running winsorization on re2-ob...

=== Running baseline for re2-ss ===
Running adaptive_z on re2-ss...
Running lof on re2-ss...
Running iqr on re2-ss...
Running tukey on re2-ss...
Running dbscan on re2-ss...
Running bayesian on re2-ss...
Running clipping on re2-ss...
Running winsorization on re2-ss...

---- Original Avg@5 Metrics for re2-tt ----

                 CPU   MEM  DISK  SOCKET  DELAY  LOSS
Outlier Method                                       
Baseline        0.73  0.92  0.88    0.76   0.67  0.76
adaptive_z      0.77  0.93  0.88    0.76   0.68  0.74
lof             0.72  0.92  0.88    0.76   0.67  0.76
iqr             0.79  0.93  0.88    0.78   0.68  0.72
tukey           0.78  0.93  0.88    0.78   0.68  0.73
dbscan          0.73  0.92  0.88    0.75   0.67  0.75
bayesian        0.73  0.92  0.88    0.76   0.67  0.76
clipping        0.76  0.92  0.88    0.76   0.67  0.75
winsorization   0.74  0.92  0.88    0.76   0.67  0.76

---- Performance Comparison of Outlier Methods Against Baseline (re2-tt) ----

                     CPU      MEM   DISK    SOCKET    DELAY      LOSS       Avg
Outlier Method                                                                 
adaptive_z       5.48% ↑  1.09% ↑  0.00%     0.00%  1.49% ↑  -2.63% ↓   0.91% ↑
lof             -1.37% ↓    0.00%  0.00%     0.00%    0.00%     0.00%  -0.23% ↓
iqr              8.22% ↑  1.09% ↑  0.00%   2.63% ↑  1.49% ↑  -5.26% ↓   1.36% ↑
tukey            6.85% ↑  1.09% ↑  0.00%   2.63% ↑  1.49% ↑  -3.95% ↓   1.35% ↑
dbscan             0.00%    0.00%  0.00%  -1.32% ↓    0.00%  -1.32% ↓  -0.44% ↓
bayesian           0.00%    0.00%  0.00%     0.00%    0.00%     0.00%     0.00%
clipping         4.11% ↑    0.00%  0.00%     0.00%    0.00%  -1.32% ↓   0.46% ↑
winsorization    1.37% ↑    0.00%  0.00%     0.00%    0.00%     0.00%   0.23% ↑
Total Avg        3.08% ↑  0.41% ↑  0.00%   0.49% ↑  0.56% ↑  -1.81% ↓   0.46% ↑

---- Original Avg@5 Metrics for re2-ob ----

                 CPU   MEM  DISK  SOCKET  DELAY  LOSS
Outlier Method                                       
Baseline        0.73  0.91  0.87    0.76   0.68  0.75
adaptive_z      0.75  0.93  0.88    0.76   0.68  0.76
lof             0.73  0.92  0.87    0.76   0.68  0.75
iqr             0.81  0.96  0.93    0.84   0.73  0.78
tukey           0.80  0.96  0.93    0.84   0.73  0.79
dbscan          0.73  0.92  0.87    0.76   0.68  0.75
bayesian        0.73  0.91  0.87    0.76   0.68  0.75
clipping        0.74  0.92  0.88    0.76   0.67  0.76
winsorization   0.74  0.92  0.88    0.76   0.67  0.74

---- Performance Comparison of Outlier Methods Against Baseline (re2-ob) ----

                     CPU      MEM     DISK  ...     DELAY      LOSS      Avg
Outlier Method                              ...                             
adaptive_z       2.74% ↑  2.20% ↑  1.15% ↑  ...     0.00%   1.33% ↑  1.24% ↑
lof                0.00%  1.10% ↑    0.00%  ...     0.00%     0.00%  0.18% ↑
iqr             10.96% ↑  5.49% ↑  6.90% ↑  ...   7.35% ↑   4.00% ↑  7.54% ↑
tukey            9.59% ↑  5.49% ↑  6.90% ↑  ...   7.35% ↑   5.33% ↑  7.53% ↑
dbscan             0.00%  1.10% ↑    0.00%  ...     0.00%     0.00%  0.18% ↑
bayesian           0.00%    0.00%    0.00%  ...     0.00%     0.00%    0.00%
clipping         1.37% ↑  1.10% ↑  1.15% ↑  ...  -1.47% ↓   1.33% ↑  0.58% ↑
winsorization    1.37% ↑  1.10% ↑  1.15% ↑  ...  -1.47% ↓  -1.33% ↓  0.14% ↑
Total Avg        3.25% ↑  2.20% ↑  2.16% ↑  ...   1.47% ↑   1.33% ↑  2.17% ↑

[9 rows x 7 columns]

---- Original Avg@5 Metrics for re2-ss ----

                 CPU   MEM  DISK  SOCKET  DELAY  LOSS
Outlier Method                                       
Baseline        0.74  0.91  0.87    0.74   0.66  0.74
adaptive_z      0.74  0.93  0.88    0.76   0.67  0.75
lof             0.74  0.91  0.87    0.74   0.66  0.74
iqr             0.80  0.96  0.95    0.83   0.73  0.79
tukey           0.80  0.96  0.95    0.83   0.73  0.79
dbscan          0.74  0.91  0.87    0.74   0.66  0.74
bayesian        0.74  0.91  0.87    0.74   0.66  0.74
clipping        0.74  0.92  0.88    0.76   0.67  0.74
winsorization   0.74  0.91  0.87    0.75   0.66  0.74

---- Performance Comparison of Outlier Methods Against Baseline (re2-ss) ----

                    CPU      MEM     DISK    SOCKET     DELAY     LOSS      Avg
Outlier Method                                                                 
adaptive_z        0.00%  2.20% ↑  1.15% ↑   2.70% ↑   1.52% ↑  1.35% ↑  1.49% ↑
lof               0.00%    0.00%    0.00%     0.00%     0.00%    0.00%    0.00%
iqr             8.11% ↑  5.49% ↑  9.20% ↑  12.16% ↑  10.61% ↑  6.76% ↑  8.72% ↑
tukey           8.11% ↑  5.49% ↑  9.20% ↑  12.16% ↑  10.61% ↑  6.76% ↑  8.72% ↑
dbscan            0.00%    0.00%    0.00%     0.00%     0.00%    0.00%    0.00%
bayesian          0.00%    0.00%    0.00%     0.00%     0.00%    0.00%    0.00%
clipping          0.00%  1.10% ↑  1.15% ↑   2.70% ↑   1.52% ↑    0.00%  1.08% ↑
winsorization     0.00%    0.00%    0.00%   1.35% ↑     0.00%    0.00%  0.22% ↑
Total Avg       2.03% ↑  1.78% ↑  2.59% ↑   3.88% ↑   3.03% ↑  1.86% ↑  2.53% ↑
