
=== Running baseline for re2-tt ===
Running adaptive_z on re2-tt...
Running lof on re2-tt...
Running iqr on re2-tt...
Running tukey on re2-tt...
Running dbscan on re2-tt...
Running bayesian on re2-tt...
Running clipping on re2-tt...
Running winsorization on re2-tt...

=== Running baseline for re2-ob ===
Running adaptive_z on re2-ob...
Running lof on re2-ob...
Running iqr on re2-ob...
Running tukey on re2-ob...
Running dbscan on re2-ob...
Running bayesian on re2-ob...
Running clipping on re2-ob...
Running winsorization on re2-ob...

=== Running baseline for re2-ss ===
Running adaptive_z on re2-ss...
Running lof on re2-ss...
Running iqr on re2-ss...
Running tukey on re2-ss...
Running dbscan on re2-ss...
Running bayesian on re2-ss...
Running clipping on re2-ss...
Running winsorization on re2-ss...

---- Original Avg@5 Metrics for re2-tt ----

                 CPU   MEM  DISK  SOCKET  DELAY  LOSS
Outlier Method                                       
Baseline        0.16  0.58   0.4    0.20   0.18  0.38
adaptive_z      0.18  0.60   0.4    0.24   0.22  0.38
lof             0.13  0.58   0.4    0.20   0.18  0.38
iqr             0.20  0.60   0.4    0.27   0.22  0.38
tukey           0.20  0.60   0.4    0.27   0.22  0.38
dbscan          0.16  0.58   0.4    0.20   0.18  0.38
bayesian        0.16  0.58   0.4    0.20   0.18  0.38
clipping        0.18  0.58   0.4    0.20   0.20  0.38
winsorization   0.16  0.58   0.4    0.22   0.20  0.38

---- Performance Comparison of Outlier Methods Against Baseline (re2-tt) ----

                      CPU      MEM   DISK    SOCKET     DELAY   LOSS       Avg
Outlier Method                                                                
adaptive_z       12.50% ↑  3.45% ↑  0.00%  20.00% ↑  22.22% ↑  0.00%   9.70% ↑
lof             -18.75% ↓    0.00%  0.00%     0.00%     0.00%  0.00%  -3.12% ↓
iqr              25.00% ↑  3.45% ↑  0.00%  35.00% ↑  22.22% ↑  0.00%  14.28% ↑
tukey            25.00% ↑  3.45% ↑  0.00%  35.00% ↑  22.22% ↑  0.00%  14.28% ↑
dbscan              0.00%    0.00%  0.00%     0.00%     0.00%  0.00%     0.00%
bayesian            0.00%    0.00%  0.00%     0.00%     0.00%  0.00%     0.00%
clipping         12.50% ↑    0.00%  0.00%     0.00%  11.11% ↑  0.00%   3.94% ↑
winsorization       0.00%    0.00%  0.00%  10.00% ↑  11.11% ↑  0.00%   3.52% ↑
Total Avg         7.03% ↑  1.29% ↑  0.00%  12.50% ↑  11.11% ↑  0.00%   5.32% ↑

---- Original Avg@5 Metrics for re2-ob ----

                 CPU   MEM  DISK  SOCKET  DELAY  LOSS
Outlier Method                                       
Baseline        0.16  0.51  0.38    0.22    0.2  0.38
adaptive_z      0.16  0.62  0.40    0.22    0.2  0.40
lof             0.16  0.53  0.38    0.22    0.2  0.38
iqr             0.42  0.73  0.67    0.49    0.4  0.51
tukey           0.42  0.73  0.67    0.49    0.4  0.53
dbscan          0.16  0.56  0.38    0.22    0.2  0.38
bayesian        0.16  0.51  0.38    0.22    0.2  0.38
clipping        0.16  0.58  0.40    0.22    0.2  0.40
winsorization   0.16  0.58  0.40    0.22    0.2  0.38

---- Performance Comparison of Outlier Methods Against Baseline (re2-ob) ----

                      CPU       MEM      DISK  ...      DELAY      LOSS       Avg
Outlier Method                                 ...                               
adaptive_z          0.00%  21.57% ↑   5.26% ↑  ...      0.00%   5.26% ↑   5.35% ↑
lof                 0.00%   3.92% ↑     0.00%  ...      0.00%     0.00%   0.65% ↑
iqr             162.50% ↑  43.14% ↑  76.32% ↑  ...  100.00% ↑  34.21% ↑  89.82% ↑
tukey           162.50% ↑  43.14% ↑  76.32% ↑  ...  100.00% ↑  39.47% ↑  90.69% ↑
dbscan              0.00%   9.80% ↑     0.00%  ...      0.00%     0.00%   1.63% ↑
bayesian            0.00%     0.00%     0.00%  ...      0.00%     0.00%     0.00%
clipping            0.00%  13.73% ↑   5.26% ↑  ...      0.00%   5.26% ↑   4.04% ↑
winsorization       0.00%  13.73% ↑   5.26% ↑  ...      0.00%     0.00%   3.17% ↑
Total Avg        40.62% ↑  18.63% ↑  21.05% ↑  ...   25.00% ↑  10.53% ↑  24.42% ↑

[9 rows x 7 columns]

---- Original Avg@5 Metrics for re2-ss ----

                 CPU   MEM  DISK  SOCKET  DELAY  LOSS
Outlier Method                                       
Baseline        0.16  0.56  0.40    0.22   0.18  0.38
adaptive_z      0.16  0.64  0.44    0.22   0.20  0.38
lof             0.16  0.58  0.40    0.22   0.18  0.38
iqr             0.49  0.82  0.73    0.49   0.40  0.56
tukey           0.49  0.82  0.73    0.49   0.40  0.56
dbscan          0.16  0.58  0.40    0.22   0.18  0.38
bayesian        0.16  0.56  0.40    0.22   0.18  0.38
clipping        0.16  0.62  0.42    0.22   0.20  0.38
winsorization   0.16  0.58  0.40    0.22   0.20  0.38

---- Performance Comparison of Outlier Methods Against Baseline (re2-ss) ----

                      CPU       MEM      DISK  ...      DELAY      LOSS        Avg
Outlier Method                                 ...                                
adaptive_z          0.00%  14.29% ↑  10.00% ↑  ...   11.11% ↑     0.00%    5.90% ↑
lof                 0.00%   3.57% ↑     0.00%  ...      0.00%     0.00%    0.60% ↑
iqr             206.25% ↑  46.43% ↑  82.50% ↑  ...  122.22% ↑  47.37% ↑  104.58% ↑
tukey           206.25% ↑  46.43% ↑  82.50% ↑  ...  122.22% ↑  47.37% ↑  104.58% ↑
dbscan              0.00%   3.57% ↑     0.00%  ...      0.00%     0.00%    0.60% ↑
bayesian            0.00%     0.00%     0.00%  ...      0.00%     0.00%      0.00%
clipping            0.00%  10.71% ↑   5.00% ↑  ...   11.11% ↑     0.00%    4.47% ↑
winsorization       0.00%   3.57% ↑     0.00%  ...   11.11% ↑     0.00%    2.45% ↑
Total Avg        51.56% ↑  16.07% ↑  22.50% ↑  ...   34.72% ↑  11.84% ↑   27.90% ↑

[9 rows x 7 columns]
