=== Running baseline for re2-tt ===
Running adaptive_z on re2-tt...
Running lof on re2-tt...
Running iqr on re2-tt...
Running tukey on re2-tt...
Running dbscan on re2-tt...
Running bayesian on re2-tt...
Running clipping on re2-tt...
Running winsorization on re2-tt...

=== Running baseline for re2-ob ===
Running adaptive_z on re2-ob...
Running lof on re2-ob...
Running iqr on re2-ob...
Running tukey on re2-ob...
Running dbscan on re2-ob...
Running bayesian on re2-ob...
Running clipping on re2-ob...
Running winsorization on re2-ob...

=== Running baseline for re2-ss ===
Running adaptive_z on re2-ss...
Running lof on re2-ss...
Running iqr on re2-ss...
Running tukey on re2-ss...
Running dbscan on re2-ss...
Running bayesian on re2-ss...
Running clipping on re2-ss...
Running winsorization on re2-ss...

==== Original Acc@1 Metrics for re2-tt ====

                 CPU   MEM  DISK  SOCKET  DELAY  LOSS
Outlier Method                                       
Baseline        0.16  0.49  0.38    0.20   0.16  0.38
adaptive_z      0.18  0.51  0.38    0.24   0.20  0.38
lof             0.13  0.49  0.38    0.20   0.16  0.38
iqr             0.20  0.51  0.38    0.27   0.20  0.38
tukey           0.20  0.51  0.38    0.27   0.20  0.38
dbscan          0.16  0.49  0.38    0.20   0.16  0.38
bayesian        0.16  0.49  0.38    0.20   0.16  0.38
clipping        0.18  0.49  0.38    0.20   0.18  0.38
winsorization   0.16  0.49  0.38    0.22   0.18  0.38

==== Performance Comparison of Acc@1 Against Baseline (re2-tt) ====

                      CPU      MEM   DISK    SOCKET     DELAY   LOSS       Avg
Outlier Method                                                                
adaptive_z       12.50% ↑  4.08% ↑  0.00%  20.00% ↑  25.00% ↑  0.00%  10.26% ↑
lof             -18.75% ↓    0.00%  0.00%     0.00%     0.00%  0.00%  -3.12% ↓
iqr              25.00% ↑  4.08% ↑  0.00%  35.00% ↑  25.00% ↑  0.00%  14.85% ↑
tukey            25.00% ↑  4.08% ↑  0.00%  35.00% ↑  25.00% ↑  0.00%  14.85% ↑
dbscan              0.00%    0.00%  0.00%     0.00%     0.00%  0.00%     0.00%
bayesian            0.00%    0.00%  0.00%     0.00%     0.00%  0.00%     0.00%
clipping         12.50% ↑    0.00%  0.00%     0.00%  12.50% ↑  0.00%   4.17% ↑
winsorization       0.00%    0.00%  0.00%  10.00% ↑  12.50% ↑  0.00%   3.75% ↑
Total Avg         7.03% ↑  1.53% ↑  0.00%  12.50% ↑  12.50% ↑  0.00%   5.60% ↑

==== Original Acc@3 Metrics for re2-tt ====

                 CPU  MEM  DISK  SOCKET  DELAY  LOSS
Outlier Method                                      
Baseline        0.87  1.0  0.98    0.87   0.78  0.82
adaptive_z      0.91  1.0  0.98    0.87   0.78  0.80
lof             0.87  1.0  0.98    0.87   0.78  0.82
iqr             0.93  1.0  0.98    0.89   0.78  0.80
tukey           0.93  1.0  0.98    0.89   0.78  0.80
dbscan          0.87  1.0  0.98    0.87   0.78  0.82
bayesian        0.87  1.0  0.98    0.87   0.78  0.82
clipping        0.91  1.0  0.98    0.87   0.78  0.82
winsorization   0.87  1.0  0.98    0.89   0.78  0.82

==== Performance Comparison of Acc@3 Against Baseline (re2-tt) ====

                    CPU    MEM   DISK   SOCKET  DELAY      LOSS      Avg
Outlier Method                                                          
adaptive_z      4.60% ↑  0.00%  0.00%    0.00%  0.00%  -2.44% ↓  0.36% ↑
lof               0.00%  0.00%  0.00%    0.00%  0.00%     0.00%    0.00%
iqr             6.90% ↑  0.00%  0.00%  2.30% ↑  0.00%  -2.44% ↓  1.13% ↑
tukey           6.90% ↑  0.00%  0.00%  2.30% ↑  0.00%  -2.44% ↓  1.13% ↑
dbscan            0.00%  0.00%  0.00%    0.00%  0.00%     0.00%    0.00%
bayesian          0.00%  0.00%  0.00%    0.00%  0.00%     0.00%    0.00%
clipping        4.60% ↑  0.00%  0.00%    0.00%  0.00%     0.00%  0.77% ↑
winsorization     0.00%  0.00%  0.00%  2.30% ↑  0.00%     0.00%  0.38% ↑
Total Avg       2.88% ↑  0.00%  0.00%  0.86% ↑  0.00%  -0.92% ↓  0.47% ↑

==== Original Acc@5 Metrics for re2-tt ====

                 CPU  MEM  DISK  SOCKET  DELAY  LOSS
Outlier Method                                      
Baseline        0.91  1.0   1.0    0.91   0.84  0.91
adaptive_z      0.93  1.0   1.0    0.91   0.84  0.89
lof             0.91  1.0   1.0    0.91   0.84  0.91
iqr             0.96  1.0   1.0    0.91   0.84  0.87
tukey           0.96  1.0   1.0    0.91   0.84  0.89
dbscan          0.91  1.0   1.0    0.91   0.84  0.91
bayesian        0.91  1.0   1.0    0.91   0.84  0.91
clipping        0.93  1.0   1.0    0.93   0.84  0.91
winsorization   0.93  1.0   1.0    0.91   0.84  0.91

==== Performance Comparison of Acc@5 Against Baseline (re2-tt) ====

                    CPU    MEM   DISK   SOCKET  DELAY      LOSS      Avg
Outlier Method                                                          
adaptive_z      2.20% ↑  0.00%  0.00%    0.00%  0.00%  -2.20% ↓    0.00%
lof               0.00%  0.00%  0.00%    0.00%  0.00%     0.00%    0.00%
iqr             5.49% ↑  0.00%  0.00%    0.00%  0.00%  -4.40% ↓  0.18% ↑
tukey           5.49% ↑  0.00%  0.00%    0.00%  0.00%  -2.20% ↓  0.55% ↑
dbscan            0.00%  0.00%  0.00%    0.00%  0.00%     0.00%    0.00%
bayesian          0.00%  0.00%  0.00%    0.00%  0.00%     0.00%    0.00%
clipping        2.20% ↑  0.00%  0.00%  2.20% ↑  0.00%     0.00%  0.73% ↑
winsorization   2.20% ↑  0.00%  0.00%    0.00%  0.00%     0.00%  0.37% ↑
Total Avg       2.20% ↑  0.00%  0.00%  0.28% ↑  0.00%  -1.10% ↓  0.23% ↑

==== Original Avg@5 Metrics for re2-tt ====

                 CPU   MEM  DISK  SOCKET  DELAY  LOSS
Outlier Method                                       
Baseline        0.72  0.89  0.86    0.73   0.66  0.75
adaptive_z      0.76  0.90  0.86    0.74   0.67  0.73
lof             0.72  0.89  0.86    0.73   0.66  0.75
iqr             0.78  0.90  0.86    0.76   0.67  0.72
tukey           0.77  0.90  0.86    0.76   0.67  0.72
dbscan          0.72  0.89  0.86    0.73   0.66  0.74
bayesian        0.72  0.89  0.86    0.73   0.66  0.75
clipping        0.76  0.89  0.86    0.74   0.66  0.74
winsorization   0.73  0.89  0.86    0.74   0.66  0.75

==== Performance Comparison of Avg@5 Against Baseline (re2-tt) ====

                    CPU      MEM   DISK   SOCKET    DELAY      LOSS       Avg
Outlier Method                                                               
adaptive_z      5.56% ↑  1.12% ↑  0.00%  1.37% ↑  1.52% ↑  -2.67% ↓   1.15% ↑
lof               0.00%    0.00%  0.00%    0.00%    0.00%     0.00%     0.00%
iqr             8.33% ↑  1.12% ↑  0.00%  4.11% ↑  1.52% ↑  -4.00% ↓   1.85% ↑
tukey           6.94% ↑  1.12% ↑  0.00%  4.11% ↑  1.52% ↑  -4.00% ↓   1.62% ↑
dbscan            0.00%    0.00%  0.00%    0.00%    0.00%  -1.33% ↓  -0.22% ↓
bayesian          0.00%    0.00%  0.00%    0.00%    0.00%     0.00%     0.00%
clipping        5.56% ↑    0.00%  0.00%  1.37% ↑    0.00%  -1.33% ↓   0.93% ↑
winsorization   1.39% ↑    0.00%  0.00%  1.37% ↑    0.00%     0.00%   0.46% ↑
Total Avg       3.47% ↑  0.42% ↑  0.00%  1.54% ↑  0.57% ↑  -1.67% ↓   0.72% ↑

==== Original Acc@1 Metrics for re2-ob ====

                 CPU   MEM  DISK  SOCKET  DELAY  LOSS
Outlier Method                                       
Baseline        0.16  0.49  0.38    0.22   0.18  0.38
adaptive_z      0.16  0.60  0.40    0.22   0.18  0.40
lof             0.16  0.51  0.38    0.22   0.18  0.38
iqr             0.42  0.71  0.67    0.49   0.38  0.51
tukey           0.42  0.71  0.67    0.49   0.38  0.53
dbscan          0.16  0.53  0.38    0.22   0.18  0.38
bayesian        0.16  0.49  0.38    0.22   0.18  0.38
clipping        0.16  0.56  0.40    0.22   0.18  0.40
winsorization   0.16  0.56  0.40    0.22   0.18  0.38

==== Performance Comparison of Acc@1 Against Baseline (re2-ob) ====

                      CPU       MEM      DISK     SOCKET      DELAY      LOSS       Avg
Outlier Method                                                                         
adaptive_z          0.00%  22.45% ↑   5.26% ↑      0.00%      0.00%   5.26% ↑   5.50% ↑
lof                 0.00%   4.08% ↑     0.00%      0.00%      0.00%     0.00%   0.68% ↑
iqr             162.50% ↑  44.90% ↑  76.32% ↑  122.73% ↑  111.11% ↑  34.21% ↑  91.96% ↑
tukey           162.50% ↑  44.90% ↑  76.32% ↑  122.73% ↑  111.11% ↑  39.47% ↑  92.84% ↑
dbscan              0.00%   8.16% ↑     0.00%      0.00%      0.00%     0.00%   1.36% ↑
bayesian            0.00%     0.00%     0.00%      0.00%      0.00%     0.00%     0.00%
clipping            0.00%  14.29% ↑   5.26% ↑      0.00%      0.00%   5.26% ↑   4.13% ↑
winsorization       0.00%  14.29% ↑   5.26% ↑      0.00%      0.00%     0.00%   3.26% ↑
Total Avg        40.62% ↑  19.13% ↑  21.05% ↑   30.68% ↑   27.78% ↑  10.53% ↑  24.97% ↑

==== Original Acc@3 Metrics for re2-ob ====

                 CPU  MEM  DISK  SOCKET  DELAY  LOSS
Outlier Method                                      
Baseline        0.87  1.0  0.98    0.89   0.78  0.82
adaptive_z      0.87  1.0  0.98    0.91   0.78  0.82
lof             0.87  1.0  0.98    0.89   0.78  0.82
iqr             0.87  1.0  0.98    0.91   0.80  0.84
tukey           0.87  1.0  0.98    0.91   0.80  0.84
dbscan          0.87  1.0  0.98    0.89   0.78  0.82
bayesian        0.87  1.0  0.98    0.89   0.78  0.82
clipping        0.87  1.0  0.98    0.91   0.78  0.82
winsorization   0.87  1.0  0.98    0.89   0.78  0.82

==== Performance Comparison of Acc@3 Against Baseline (re2-ob) ====

                  CPU    MEM   DISK   SOCKET    DELAY     LOSS      Avg
Outlier Method                                                         
adaptive_z      0.00%  0.00%  0.00%  2.25% ↑    0.00%    0.00%  0.38% ↑
lof             0.00%  0.00%  0.00%    0.00%    0.00%    0.00%    0.00%
iqr             0.00%  0.00%  0.00%  2.25% ↑  2.56% ↑  2.44% ↑  1.21% ↑
tukey           0.00%  0.00%  0.00%  2.25% ↑  2.56% ↑  2.44% ↑  1.21% ↑
dbscan          0.00%  0.00%  0.00%    0.00%    0.00%    0.00%    0.00%
bayesian        0.00%  0.00%  0.00%    0.00%    0.00%    0.00%    0.00%
clipping        0.00%  0.00%  0.00%  2.25% ↑    0.00%    0.00%  0.38% ↑
winsorization   0.00%  0.00%  0.00%    0.00%    0.00%    0.00%    0.00%
Total Avg       0.00%  0.00%  0.00%  1.12% ↑  0.64% ↑  0.61% ↑  0.40% ↑

==== Original Acc@5 Metrics for re2-ob ====

                 CPU  MEM  DISK  SOCKET  DELAY  LOSS
Outlier Method                                      
Baseline        0.93  1.0   1.0    0.91   0.84  0.91
adaptive_z      0.98  1.0   1.0    0.93   0.84  0.91
lof             0.93  1.0   1.0    0.91   0.84  0.91
iqr             0.98  1.0   1.0    0.96   0.84  0.91
tukey           0.96  1.0   1.0    0.96   0.84  0.91
dbscan          0.93  1.0   1.0    0.91   0.84  0.91
bayesian        0.93  1.0   1.0    0.91   0.84  0.91
clipping        0.96  1.0   1.0    0.93   0.84  0.91
winsorization   0.96  1.0   1.0    0.91   0.84  0.89

==== Performance Comparison of Acc@5 Against Baseline (re2-ob) ====

                    CPU    MEM   DISK   SOCKET  DELAY      LOSS      Avg
Outlier Method                                                          
adaptive_z      5.38% ↑  0.00%  0.00%  2.20% ↑  0.00%     0.00%  1.26% ↑
lof               0.00%  0.00%  0.00%    0.00%  0.00%     0.00%    0.00%
iqr             5.38% ↑  0.00%  0.00%  5.49% ↑  0.00%     0.00%  1.81% ↑
tukey           3.23% ↑  0.00%  0.00%  5.49% ↑  0.00%     0.00%  1.45% ↑
dbscan            0.00%  0.00%  0.00%    0.00%  0.00%     0.00%    0.00%
bayesian          0.00%  0.00%  0.00%    0.00%  0.00%     0.00%    0.00%
clipping        3.23% ↑  0.00%  0.00%  2.20% ↑  0.00%     0.00%  0.90% ↑
winsorization   3.23% ↑  0.00%  0.00%    0.00%  0.00%  -2.20% ↓  0.17% ↑
Total Avg       2.56% ↑  0.00%  0.00%  1.92% ↑  0.00%  -0.28% ↓  0.70% ↑

==== Original Avg@5 Metrics for re2-ob ====

                 CPU   MEM  DISK  SOCKET  DELAY  LOSS
Outlier Method                                       
Baseline        0.73  0.89  0.86    0.74   0.66  0.75
adaptive_z      0.75  0.91  0.87    0.75   0.66  0.76
lof             0.73  0.90  0.86    0.74   0.66  0.75
iqr             0.81  0.94  0.92    0.82   0.72  0.78
tukey           0.80  0.94  0.92    0.82   0.72  0.79
dbscan          0.73  0.90  0.86    0.74   0.66  0.75
bayesian        0.73  0.89  0.86    0.74   0.66  0.75
clipping        0.74  0.91  0.87    0.75   0.66  0.76
winsorization   0.74  0.91  0.87    0.74   0.66  0.74

==== Performance Comparison of Avg@5 Against Baseline (re2-ob) ====

                     CPU      MEM     DISK    SOCKET    DELAY      LOSS      Avg
Outlier Method                                                                  
adaptive_z       2.74% ↑  2.25% ↑  1.16% ↑   1.35% ↑    0.00%   1.33% ↑  1.47% ↑
lof                0.00%  1.12% ↑    0.00%     0.00%    0.00%     0.00%  0.19% ↑
iqr             10.96% ↑  5.62% ↑  6.98% ↑  10.81% ↑  9.09% ↑   4.00% ↑  7.91% ↑
tukey            9.59% ↑  5.62% ↑  6.98% ↑  10.81% ↑  9.09% ↑   5.33% ↑  7.90% ↑
dbscan             0.00%  1.12% ↑    0.00%     0.00%    0.00%     0.00%  0.19% ↑
bayesian           0.00%    0.00%    0.00%     0.00%    0.00%     0.00%    0.00%
clipping         1.37% ↑  2.25% ↑  1.16% ↑   1.35% ↑    0.00%   1.33% ↑  1.24% ↑
winsorization    1.37% ↑  2.25% ↑  1.16% ↑     0.00%    0.00%  -1.33% ↓  0.58% ↑
Total Avg        3.25% ↑  2.53% ↑  2.18% ↑   3.04% ↑  2.27% ↑   1.33% ↑  2.43% ↑

==== Original Acc@1 Metrics for re2-ss ====

                 CPU   MEM  DISK  SOCKET  DELAY  LOSS
Outlier Method                                       
Baseline        0.16  0.56  0.40    0.22   0.18  0.38
adaptive_z      0.16  0.64  0.44    0.22   0.20  0.38
lof             0.16  0.58  0.40    0.22   0.18  0.38
iqr             0.49  0.82  0.73    0.49   0.40  0.56
tukey           0.49  0.82  0.73    0.49   0.40  0.56
dbscan          0.16  0.58  0.40    0.22   0.18  0.38
bayesian        0.16  0.56  0.40    0.22   0.18  0.38
clipping        0.16  0.62  0.42    0.22   0.20  0.38
winsorization   0.16  0.58  0.40    0.22   0.20  0.38

==== Performance Comparison of Acc@1 Against Baseline (re2-ss) ====

                      CPU       MEM      DISK     SOCKET      DELAY      LOSS        Avg
Outlier Method                                                                          
adaptive_z          0.00%  14.29% ↑  10.00% ↑      0.00%   11.11% ↑     0.00%    5.90% ↑
lof                 0.00%   3.57% ↑     0.00%      0.00%      0.00%     0.00%    0.60% ↑
iqr             206.25% ↑  46.43% ↑  82.50% ↑  122.73% ↑  122.22% ↑  47.37% ↑  104.58% ↑
tukey           206.25% ↑  46.43% ↑  82.50% ↑  122.73% ↑  122.22% ↑  47.37% ↑  104.58% ↑
dbscan              0.00%   3.57% ↑     0.00%      0.00%      0.00%     0.00%    0.60% ↑
bayesian            0.00%     0.00%     0.00%      0.00%      0.00%     0.00%      0.00%
clipping            0.00%  10.71% ↑   5.00% ↑      0.00%   11.11% ↑     0.00%    4.47% ↑
winsorization       0.00%   3.57% ↑     0.00%      0.00%   11.11% ↑     0.00%    2.45% ↑
Total Avg        51.56% ↑  16.07% ↑  22.50% ↑   30.68% ↑   34.72% ↑  11.84% ↑   27.90% ↑

==== Original Acc@3 Metrics for re2-ss ====

                 CPU  MEM  DISK  SOCKET  DELAY  LOSS
Outlier Method                                      
Baseline        0.87  1.0  0.98    0.89   0.78  0.82
adaptive_z      0.87  1.0  1.00    0.91   0.80  0.82
lof             0.87  1.0  0.98    0.89   0.78  0.82
iqr             0.87  1.0  1.00    0.91   0.80  0.82
tukey           0.87  1.0  1.00    0.91   0.80  0.82
dbscan          0.87  1.0  0.98    0.89   0.78  0.82
bayesian        0.87  1.0  0.98    0.89   0.78  0.82
clipping        0.87  1.0  0.98    0.91   0.80  0.82
winsorization   0.87  1.0  0.98    0.89   0.78  0.82

==== Performance Comparison of Acc@3 Against Baseline (re2-ss) ====

                  CPU    MEM     DISK   SOCKET    DELAY   LOSS      Avg
Outlier Method                                                         
adaptive_z      0.00%  0.00%  2.04% ↑  2.25% ↑  2.56% ↑  0.00%  1.14% ↑
lof             0.00%  0.00%    0.00%    0.00%    0.00%  0.00%    0.00%
iqr             0.00%  0.00%  2.04% ↑  2.25% ↑  2.56% ↑  0.00%  1.14% ↑
tukey           0.00%  0.00%  2.04% ↑  2.25% ↑  2.56% ↑  0.00%  1.14% ↑
dbscan          0.00%  0.00%    0.00%    0.00%    0.00%  0.00%    0.00%
bayesian        0.00%  0.00%    0.00%    0.00%    0.00%  0.00%    0.00%
clipping        0.00%  0.00%    0.00%  2.25% ↑  2.56% ↑  0.00%  0.80% ↑
winsorization   0.00%  0.00%    0.00%    0.00%    0.00%  0.00%    0.00%
Total Avg       0.00%  0.00%  0.76% ↑  1.12% ↑  1.28% ↑  0.00%  0.53% ↑

==== Original Acc@5 Metrics for re2-ss ====

                 CPU  MEM  DISK  SOCKET  DELAY  LOSS
Outlier Method                                      
Baseline        0.96  1.0   1.0    0.91   0.84  0.89
adaptive_z      0.96  1.0   1.0    0.93   0.87  0.89
lof             0.96  1.0   1.0    0.91   0.84  0.89
iqr             0.96  1.0   1.0    0.93   0.87  0.89
tukey           0.96  1.0   1.0    0.93   0.87  0.89
dbscan          0.96  1.0   1.0    0.91   0.84  0.89
bayesian        0.96  1.0   1.0    0.91   0.84  0.89
clipping        0.96  1.0   1.0    0.93   0.87  0.89
winsorization   0.96  1.0   1.0    0.93   0.84  0.89

==== Performance Comparison of Acc@5 Against Baseline (re2-ss) ====

                  CPU    MEM   DISK   SOCKET    DELAY   LOSS      Avg
Outlier Method                                                       
adaptive_z      0.00%  0.00%  0.00%  2.20% ↑  3.57% ↑  0.00%  0.96% ↑
lof             0.00%  0.00%  0.00%    0.00%    0.00%  0.00%    0.00%
iqr             0.00%  0.00%  0.00%  2.20% ↑  3.57% ↑  0.00%  0.96% ↑
tukey           0.00%  0.00%  0.00%  2.20% ↑  3.57% ↑  0.00%  0.96% ↑
dbscan          0.00%  0.00%  0.00%    0.00%    0.00%  0.00%    0.00%
bayesian        0.00%  0.00%  0.00%    0.00%    0.00%  0.00%    0.00%
clipping        0.00%  0.00%  0.00%  2.20% ↑  3.57% ↑  0.00%  0.96% ↑
winsorization   0.00%  0.00%  0.00%  2.20% ↑    0.00%  0.00%  0.37% ↑
Total Avg       0.00%  0.00%  0.00%  1.38% ↑  1.78% ↑  0.00%  0.53% ↑

==== Original Avg@5 Metrics for re2-ss ====

                 CPU   MEM  DISK  SOCKET  DELAY  LOSS
Outlier Method                                       
Baseline        0.74  0.91  0.87    0.74   0.66  0.74
adaptive_z      0.74  0.93  0.88    0.76   0.67  0.75
lof             0.74  0.91  0.87    0.74   0.66  0.74
iqr             0.80  0.96  0.95    0.83   0.73  0.79
tukey           0.80  0.96  0.95    0.83   0.73  0.79
dbscan          0.74  0.91  0.87    0.74   0.66  0.74
bayesian        0.74  0.91  0.87    0.74   0.66  0.74
clipping        0.74  0.92  0.88    0.76   0.67  0.74
winsorization   0.74  0.91  0.87    0.75   0.66  0.74

==== Performance Comparison of Avg@5 Against Baseline (re2-ss) ====

                    CPU      MEM     DISK    SOCKET     DELAY     LOSS      Avg
Outlier Method                                                                 
adaptive_z        0.00%  2.20% ↑  1.15% ↑   2.70% ↑   1.52% ↑  1.35% ↑  1.49% ↑
lof               0.00%    0.00%    0.00%     0.00%     0.00%    0.00%    0.00%
iqr             8.11% ↑  5.49% ↑  9.20% ↑  12.16% ↑  10.61% ↑  6.76% ↑  8.72% ↑
tukey           8.11% ↑  5.49% ↑  9.20% ↑  12.16% ↑  10.61% ↑  6.76% ↑  8.72% ↑
dbscan            0.00%    0.00%    0.00%     0.00%     0.00%    0.00%    0.00%
bayesian          0.00%    0.00%    0.00%     0.00%     0.00%    0.00%    0.00%
clipping          0.00%  1.10% ↑  1.15% ↑   2.70% ↑   1.52% ↑    0.00%  1.08% ↑
winsorization     0.00%    0.00%    0.00%   1.35% ↑     0.00%    0.00%  0.22% ↑
Total Avg       2.03% ↑  1.78% ↑  2.59% ↑   3.88% ↑   3.03% ↑  1.86% ↑  2.53% ↑

